<?xml version="1.0" encoding="UTF-8"?>
<!-- Generated by org.testng.reporters.JUnitXMLReporter -->
<testsuite hostname="Zias-MacBook-Pro.local" ignored="1" name="Default test" tests="3" failures="0" timestamp="14 Mar 2020 00:28:03 GMT" time="32.665" errors="0">
  <testcase name="getTitle" time="0.056" classname="com.hubspot.tests.LoginPageTest"/>
  <testcase name="verifyContactsPage" time="0.025" classname="com.hubspot.tests.ContactsPageTest"/>
  <testcase name="verifyHomePageTitle" time="0.014" classname="com.hubspot.tests.HomePageTest"/>
  <testcase name="verifyAccounName" time="0.0" classname="com.hubspot.tests.HomePageTest">
    <ignored/>
  </testcase> <!-- verifyAccounName -->
</testsuite> <!-- Default test -->
